96.11.04 21:44 B D:\FrontPage Webs\Content\speedr1\aboutus.htm --> dspace.dial.pipex.com /nl56 aboutus.htm
96.11.04 21:44 B D:\FrontPage Webs\Content\speedr1\contents.htm --> dspace.dial.pipex.com /nl56 contents.htm
96.11.04 21:44 B D:\FrontPage Webs\Content\speedr1\dhcr9601.htm --> dspace.dial.pipex.com /nl56 dhcr9601.htm
96.11.04 21:45 B D:\FrontPage Webs\Content\speedr1\index.htm --> dspace.dial.pipex.com /nl56 index.htm
96.11.04 21:45 B D:\FrontPage Webs\Content\speedr1\irlct.htm --> dspace.dial.pipex.com /nl56 irlct.htm
96.11.04 21:45 B D:\FrontPage Webs\Content\speedr1\irlv96qr.htm --> dspace.dial.pipex.com /nl56 irlv96qr.htm
96.11.04 21:49 B D:\FrontPage Webs\Content\speedr1\aboutus.htm --> dspace.dial.pipex.com /nl56 aboutus.htm
96.11.04 21:49 B D:\FrontPage Webs\Content\speedr1\contents.htm --> dspace.dial.pipex.com /nl56 contents.htm
96.11.04 21:49 B D:\FrontPage Webs\Content\speedr1\dhcr9601.htm --> dspace.dial.pipex.com /nl56 dhcr9601.htm
96.11.04 21:49 B D:\FrontPage Webs\Content\speedr1\index.htm --> dspace.dial.pipex.com /nl56 index.htm
96.11.04 21:49 B D:\FrontPage Webs\Content\speedr1\irlct.htm --> dspace.dial.pipex.com /nl56 irlct.htm
96.11.04 21:49 B D:\FrontPage Webs\Content\speedr1\irlv96qr.htm --> dspace.dial.pipex.com /nl56 irlv96qr.htm
96.11.04 21:49 B D:\FrontPage Webs\Content\speedr1\irlv96rr.htm --> dspace.dial.pipex.com /nl56 irlv96rr.htm
96.11.04 21:49 B D:\FrontPage Webs\Content\speedr1\lv96ct.htm --> dspace.dial.pipex.com /nl56 lv96ct.htm
96.11.04 21:49 B D:\FrontPage Webs\Content\speedr1\rac96ct.htm --> dspace.dial.pipex.com /nl56 rac96ct.htm
96.11.04 21:50 B D:\FrontPage Webs\Content\speedr1\rac96str.htm --> dspace.dial.pipex.com /nl56 rac96str.htm
96.11.04 21:50 B D:\FrontPage Webs\Content\speedr1\racmpd2.htm --> dspace.dial.pipex.com /nl56 racmpd2.htm
96.11.04 21:50 B D:\FrontPage Webs\Content\speedr1\racmpd3.htm --> dspace.dial.pipex.com /nl56 racmpd3.htm
96.11.04 21:51 B D:\FrontPage Webs\Content\speedr1\racnums.htm --> dspace.dial.pipex.com /nl56 racnums.htm
96.11.04 21:51 B D:\FrontPage Webs\Content\speedr1\racstrl2.htm --> dspace.dial.pipex.com /nl56 racstrl2.htm
96.11.04 21:51 B D:\FrontPage Webs\Content\speedr1\rcfin.htm --> dspace.dial.pipex.com /nl56 rcfin.htm
96.11.04 21:51 B D:\FrontPage Webs\Content\speedr1\rcfinlc2.htm --> dspace.dial.pipex.com /nl56 rcfinlc2.htm
96.11.04 21:51 B D:\FrontPage Webs\Content\speedr1\rcrschd3.htm --> dspace.dial.pipex.com /nl56 rcrschd3.htm
96.11.04 21:51 B D:\FrontPage Webs\Content\speedr1\rcssin01.htm --> dspace.dial.pipex.com /nl56 rcssin01.htm
96.11.04 21:51 B D:\FrontPage Webs\Content\speedr1\rcssin02.htm --> dspace.dial.pipex.com /nl56 rcssin02.htm
96.11.04 21:51 B D:\FrontPage Webs\Content\speedr1\rcssin03.htm --> dspace.dial.pipex.com /nl56 rcssin03.htm
96.11.04 21:51 B D:\FrontPage Webs\Content\speedr1\rcssin04.htm --> dspace.dial.pipex.com /nl56 rcssin04.htm
96.11.04 21:51 B D:\FrontPage Webs\Content\speedr1\rcssin05.htm --> dspace.dial.pipex.com /nl56 rcssin05.htm
96.11.04 21:52 B D:\FrontPage Webs\Content\speedr1\rcssin06.htm --> dspace.dial.pipex.com /nl56 rcssin06.htm
96.11.04 21:52 B D:\FrontPage Webs\Content\speedr1\rcssin07.htm --> dspace.dial.pipex.com /nl56 rcssin07.htm
96.11.04 21:52 B D:\FrontPage Webs\Content\speedr1\rcssin08.htm --> dspace.dial.pipex.com /nl56 rcssin08.htm
96.11.04 21:52 B D:\FrontPage Webs\Content\speedr1\rcssin10.htm --> dspace.dial.pipex.com /nl56 rcssin10.htm
96.11.04 21:52 B D:\FrontPage Webs\Content\speedr1\rcssin11.htm --> dspace.dial.pipex.com /nl56 rcssin11.htm
96.11.04 21:52 B D:\FrontPage Webs\Content\speedr1\rcssin12.htm --> dspace.dial.pipex.com /nl56 rcssin12.htm
96.11.04 21:52 B D:\FrontPage Webs\Content\speedr1\rcssin13.htm --> dspace.dial.pipex.com /nl56 rcssin13.htm
96.11.04 21:52 B D:\FrontPage Webs\Content\speedr1\rcssin15.htm --> dspace.dial.pipex.com /nl56 rcssin15.htm
96.11.04 21:53 B D:\FrontPage Webs\Content\speedr1\rcssin16.htm --> dspace.dial.pipex.com /nl56 rcssin16.htm
96.11.04 21:53 B D:\FrontPage Webs\Content\speedr1\rcssin17.htm --> dspace.dial.pipex.com /nl56 rcssin17.htm
96.11.04 21:53 B D:\FrontPage Webs\Content\speedr1\rcssin18.htm --> dspace.dial.pipex.com /nl56 rcssin18.htm
96.11.04 21:53 B D:\FrontPage Webs\Content\speedr1\rcssin19.htm --> dspace.dial.pipex.com /nl56 rcssin19.htm
96.11.04 21:53 B D:\FrontPage Webs\Content\speedr1\rcssin20.htm --> dspace.dial.pipex.com /nl56 rcssin20.htm
96.11.04 21:53 B D:\FrontPage Webs\Content\speedr1\rcssin21.htm --> dspace.dial.pipex.com /nl56 rcssin21.htm
96.11.04 21:54 B D:\FrontPage Webs\Content\speedr1\rcssin22.htm --> dspace.dial.pipex.com /nl56 rcssin22.htm
96.11.04 21:54 B D:\FrontPage Webs\Content\speedr1\rcssin23.htm --> dspace.dial.pipex.com /nl56 rcssin23.htm
96.11.04 21:54 B D:\FrontPage Webs\Content\speedr1\rcssin24.htm --> dspace.dial.pipex.com /nl56 rcssin24.htm
96.11.04 21:55 B D:\FrontPage Webs\Content\speedr1\rcssin25.htm --> dspace.dial.pipex.com /nl56 rcssin25.htm
96.11.04 21:55 B D:\FrontPage Webs\Content\speedr1\rcssin26.htm --> dspace.dial.pipex.com /nl56 rcssin26.htm
96.11.04 21:55 B D:\FrontPage Webs\Content\speedr1\rcssin27.htm --> dspace.dial.pipex.com /nl56 rcssin27.htm
96.11.04 21:55 B D:\FrontPage Webs\Content\speedr1\rcssinfl.htm --> dspace.dial.pipex.com /nl56 rcssinfl.htm
96.11.04 21:55 B D:\FrontPage Webs\Content\speedr1\rmapd1.htm --> dspace.dial.pipex.com /nl56 rmapd1.htm
96.11.04 21:55 B D:\FrontPage Webs\Content\speedr1\specinf.htm --> dspace.dial.pipex.com /nl56 specinf.htm
96.11.04 21:55 B D:\FrontPage Webs\Content\speedr1\staginct.htm --> dspace.dial.pipex.com /nl56 staginct.htm
96.11.21 20:28 B D:\FrontPage Webs\Content\speedr1\aboutus.htm --> dspace.dial.pipex.com /nl56 aboutus.htm
96.11.21 20:28 B D:\FrontPage Webs\Content\speedr1\contents.htm --> dspace.dial.pipex.com /nl56 contents.htm
96.11.21 20:28 B D:\FrontPage Webs\Content\speedr1\dhcr9601.htm --> dspace.dial.pipex.com /nl56 dhcr9601.htm
96.11.21 20:28 B D:\FrontPage Webs\Content\speedr1\f196rev.htm --> dspace.dial.pipex.com /nl56 f196rev.htm
96.11.21 20:28 B D:\FrontPage Webs\Content\speedr1\f1ct.htm --> dspace.dial.pipex.com /nl56 f1ct.htm
96.11.21 20:29 B D:\FrontPage Webs\Content\speedr1\index.htm --> dspace.dial.pipex.com /nl56 index.htm
96.11.21 20:31 B D:\FrontPage Webs\Content\speedr1\f1ct.htm --> dspace.dial.pipex.com /nl56 f1ct.htm
96.11.21 20:35 B D:\FrontPage Webs\Content\speedr1\rac96ct.htm --> dspace.dial.pipex.com /nl56 rac96ct.htm
96.11.21 20:36 B D:\FrontPage Webs\Content\speedr1\f196rev.htm --> dspace.dial.pipex.com /nl56 f196rev.htm
96.11.21 20:36 B D:\FrontPage Webs\Content\speedr1\f1ct.htm --> dspace.dial.pipex.com /nl56 f1ct.htm
96.11.21 20:36 B D:\FrontPage Webs\Content\speedr1\index.htm --> dspace.dial.pipex.com /nl56 index.htm
96.11.24 11:31 B D:\FrontPage Webs\Content\speedr1\aboutus.htm --> dspace.dial.pipex.com /nl56 aboutus.htm
96.11.24 11:33 B D:\FrontPage Webs\Content\speedr1\aboutus.htm --> dspace.dial.pipex.com /nl56 aboutus.htm
96.11.25 08:29 B D:\FrontPage Webs\Content\speedr1\aboutus.htm --> dspace.dial.pipex.com /nl56 aboutus.htm
96.11.25 08:29 B D:\FrontPage Webs\Content\speedr1\dh02si96.jpg --> dspace.dial.pipex.com /nl56 dh02si96.jpg
96.11.25 08:30 B D:\FrontPage Webs\Content\speedr1\dhsi9501.jpg --> dspace.dial.pipex.com /nl56 dhsi9501.jpg
96.11.25 08:30 B D:\FrontPage Webs\Content\speedr1\f196rev.htm --> dspace.dial.pipex.com /nl56 f196rev.htm
96.11.25 08:30 B D:\FrontPage Webs\Content\speedr1\gb02bg96.jpg --> dspace.dial.pipex.com /nl56 gb02bg96.jpg
96.11.25 08:30 B D:\FrontPage Webs\Content\speedr1\jvpo01p6.jpg --> dspace.dial.pipex.com /nl56 jvpo01p6.jpg
96.11.25 08:30 B D:\FrontPage Webs\Content\speedr1\mh02si96.jpg --> dspace.dial.pipex.com /nl56 mh02si96.jpg
96.11.25 08:30 B D:\FrontPage Webs\Content\speedr1\ms02bg96.jpg --> dspace.dial.pipex.com /nl56 ms02bg96.jpg
96.11.27 20:51 B D:\FrontPage Webs\Content\speedr1\Gameover.gif --> dspace.dial.pipex.com /nl56 Gameover.gif
96.11.27 20:51 B D:\FrontPage Webs\Content\speedr1\Rac-001.gif --> dspace.dial.pipex.com /nl56 Rac-001.gif
96.11.27 20:52 B D:\FrontPage Webs\Content\speedr1\Rac-002.gif --> dspace.dial.pipex.com /nl56 Rac-002.gif
96.11.27 20:52 B D:\FrontPage Webs\Content\speedr1\Rac-003.gif --> dspace.dial.pipex.com /nl56 Rac-003.gif
96.11.27 20:52 B D:\FrontPage Webs\Content\speedr1\Rac-005.gif --> dspace.dial.pipex.com /nl56 Rac-005.gif
96.11.27 20:52 B D:\FrontPage Webs\Content\speedr1\Rac-006.gif --> dspace.dial.pipex.com /nl56 Rac-006.gif
96.11.27 20:53 B D:\FrontPage Webs\Content\speedr1\Rac-012.gif --> dspace.dial.pipex.com /nl56 Rac-012.gif
96.11.27 20:53 B D:\FrontPage Webs\Content\speedr1\rac96ct.htm --> dspace.dial.pipex.com /nl56 rac96ct.htm
96.11.27 20:53 B D:\FrontPage Webs\Content\speedr1\rc96game.htm --> dspace.dial.pipex.com /nl56 rc96game.htm
96.12.02 00:13 B D:\FrontPage Webs\Content\speedr1\autolnk2.gif --> dspace.dial.pipex.com /nl56 autolnk2.gif
96.12.02 00:13 B D:\FrontPage Webs\Content\speedr1\index.htm --> dspace.dial.pipex.com /nl56 index.htm
96.12.09 22:41 B D:\FrontPage Webs\Content\speedr1\contents.htm --> dspace.dial.pipex.com /nl56 contents.htm
96.12.09 22:41 B D:\FrontPage Webs\Content\speedr1\f1ct.htm --> dspace.dial.pipex.com /nl56 f1ct.htm
96.12.09 22:41 B D:\FrontPage Webs\Content\speedr1\f1n1196a.htm --> dspace.dial.pipex.com /nl56 f1n1196a.htm
96.12.09 22:41 B D:\FrontPage Webs\Content\speedr1\f1tl.gif --> dspace.dial.pipex.com /nl56 f1tl.gif
96.12.09 22:41 B D:\FrontPage Webs\Content\speedr1\index.htm --> dspace.dial.pipex.com /nl56 index.htm
96.12.09 22:41 B D:\FrontPage Webs\Content\speedr1\irlct.htm --> dspace.dial.pipex.com /nl56 irlct.htm
96.12.09 22:41 B D:\FrontPage Webs\Content\speedr1\irlnwtl.gif --> dspace.dial.pipex.com /nl56 irlnwtl.gif
96.12.09 22:42 B D:\FrontPage Webs\Content\speedr1\irn1296a.htm --> dspace.dial.pipex.com /nl56 irn1296a.htm
96.12.13 11:30 B D:\FrontPage Webs\Content\speedr1\index.htm --> dspace.dial.pipex.com /nl56 index.htm
96.12.13 11:30 B D:\FrontPage Webs\Content\speedr1\f1n1196a.htm --> dspace.dial.pipex.com /nl56 f1n1196a.htm
96.12.13 11:36 B D:\FrontPage Webs\Content\speedr1\index.htm --> dspace.dial.pipex.com /nl56 index.htm
96.12.13 11:38 B D:\FrontPage Webs\Content\speedr1\index.htm --> dspace.dial.pipex.com /nl56 index.htm
96.12.18 21:58 B D:\FrontPage Webs\Content\speedr1\contents.htm --> dspace.dial.pipex.com /nl56 contents.htm
96.12.18 21:58 B D:\FrontPage Webs\Content\speedr1\f1ct.htm --> dspace.dial.pipex.com /nl56 f1ct.htm
96.12.18 21:58 B D:\FrontPage Webs\Content\speedr1\f1n1196a.htm --> dspace.dial.pipex.com /nl56 f1n1196a.htm
96.12.18 21:58 B D:\FrontPage Webs\Content\speedr1\f1n1296b.htm --> dspace.dial.pipex.com /nl56 f1n1296b.htm
96.12.18 22:01 B D:\FrontPage Webs\Content\speedr1\index.htm --> dspace.dial.pipex.com /nl56 index.htm
96.12.18 22:38 B D:\FrontPage Webs\Content\speedr1\aboutus.htm --> dspace.dial.pipex.com /nl56 aboutus.htm
96.12.18 22:38 B D:\FrontPage Webs\Content\speedr1\contents.htm --> dspace.dial.pipex.com /nl56 contents.htm
96.12.18 22:38 B D:\FrontPage Webs\Content\speedr1\f1ct.htm --> dspace.dial.pipex.com /nl56 f1ct.htm
96.12.18 22:38 B D:\FrontPage Webs\Content\speedr1\f1n1196a.htm --> dspace.dial.pipex.com /nl56 f1n1196a.htm
96.12.18 22:39 B D:\FrontPage Webs\Content\speedr1\f1n1296b.htm --> dspace.dial.pipex.com /nl56 f1n1296b.htm
96.12.18 22:46 B D:\FrontPage Webs\Content\speedr1\irn1296a.htm --> dspace.dial.pipex.com /nl56 irn1296a.htm
96.12.18 22:51 B D:\FrontPage Webs\Content\speedr1\rc96game.htm --> dspace.dial.pipex.com /nl56 rc96game.htm
97.01.07 23:37 B D:\FrontPage Webs\Content\speedr1\f1n0197a.htm --> dspace.dial.pipex.com /nl56 f1n0197a.htm
97.01.07 23:37 B D:\FrontPage Webs\Content\speedr1\f1ct.htm --> dspace.dial.pipex.com /nl56 f1ct.htm
97.01.07 23:38 B D:\FrontPage Webs\Content\speedr1\index.htm --> dspace.dial.pipex.com /nl56 index.htm
97.01.09 22:16 B D:\FrontPage Webs\Content\speedr1\au1997ca.htm --> dspace.dial.pipex.com /nl56 au1997ca.htm
97.01.09 22:16 B D:\FrontPage Webs\Content\speedr1\au1997eg.htm --> dspace.dial.pipex.com /nl56 au1997eg.htm
97.01.09 22:16 B D:\FrontPage Webs\Content\speedr1\au1997ts.htm --> dspace.dial.pipex.com /nl56 au1997ts.htm
97.01.09 22:16 B D:\FrontPage Webs\Content\speedr1\au97sr.htm --> dspace.dial.pipex.com /nl56 au97sr.htm
97.01.09 22:16 B D:\FrontPage Webs\Content\speedr1\aubrjw01.jpg --> dspace.dial.pipex.com /nl56 aubrjw01.jpg
97.01.09 22:16 B D:\FrontPage Webs\Content\speedr1\aucoto1.jpg --> dspace.dial.pipex.com /nl56 aucoto1.jpg
97.01.09 22:16 B D:\FrontPage Webs\Content\speedr1\aui1997.gif --> dspace.dial.pipex.com /nl56 aui1997.gif
97.01.09 22:16 B D:\FrontPage Webs\Content\speedr1\aui1997.htm --> dspace.dial.pipex.com /nl56 aui1997.htm
97.01.09 22:16 B D:\FrontPage Webs\Content\speedr1\aump01.jpg --> dspace.dial.pipex.com /nl56 aump01.jpg
97.01.09 22:16 B D:\FrontPage Webs\Content\speedr1\aupagt1.jpg --> dspace.dial.pipex.com /nl56 aupagt1.jpg
97.01.09 22:16 B D:\FrontPage Webs\Content\speedr1\aupg406.jpg --> dspace.dial.pipex.com /nl56 aupg406.jpg
97.01.09 22:16 B D:\FrontPage Webs\Content\speedr1\aurf1.jpg --> dspace.dial.pipex.com /nl56 aurf1.jpg
97.01.09 22:17 B D:\FrontPage Webs\Content\speedr1\ausubim.jpg --> dspace.dial.pipex.com /nl56 ausubim.jpg
97.01.09 22:17 B D:\FrontPage Webs\Content\speedr1\autoyo1.jpg --> dspace.dial.pipex.com /nl56 autoyo1.jpg
97.01.09 22:18 B D:\FrontPage Webs\Content\speedr1\auvol1.jpg --> dspace.dial.pipex.com /nl56 auvol1.jpg
97.01.09 22:18 B D:\FrontPage Webs\Content\speedr1\contents.htm --> dspace.dial.pipex.com /nl56 contents.htm
97.01.09 22:18 B D:\FrontPage Webs\Content\speedr1\index.htm --> dspace.dial.pipex.com /nl56 index.htm
97.01.09 22:23 B D:\FrontPage Webs\Content\speedr1\index.htm --> dspace.dial.pipex.com /nl56 index.htm
97.01.09 22:31 B D:\FrontPage Webs\Content\speedr1\au1997ca.htm --> dspace.dial.pipex.com /nl56 au1997ca.htm
97.01.09 22:31 B D:\FrontPage Webs\Content\speedr1\au97sr.htm --> dspace.dial.pipex.com /nl56 au97sr.htm
97.01.09 22:35 B D:\FrontPage Webs\Content\speedr1\au97sr.htm --> dspace.dial.pipex.com /nl56 au97sr.htm
97.01.09 22:55 B D:\FrontPage Webs\Content\speedr1\au1997sr.htm --> dspace.dial.pipex.com /nl56 au1997sr.htm
97.01.09 22:55 B D:\FrontPage Webs\Content\speedr1\aui1997.htm --> dspace.dial.pipex.com /nl56 aui1997.htm
97.01.09 22:58 B D:\FrontPage Webs\Content\speedr1\aui1997.htm --> dspace.dial.pipex.com /nl56 aui1997.htm
97.01.13 22:28 B D:\FrontPage Webs\Content\speedr1\index.htm --> dspace.dial.pipex.com /nl56 index.htm
97.01.13 22:28 B D:\FrontPage Webs\Content\speedr1\irlct.htm --> dspace.dial.pipex.com /nl56 irlct.htm
97.01.13 22:28 B D:\FrontPage Webs\Content\speedr1\irn0197a.htm --> dspace.dial.pipex.com /nl56 irn0197a.htm
97.01.13 22:28 B D:\FrontPage Webs\Content\speedr1\irn0197b.htm --> dspace.dial.pipex.com /nl56 irn0197b.htm
97.01.13 22:28 B D:\FrontPage Webs\Content\speedr1\irl004.jpg --> dspace.dial.pipex.com /nl56 irl004.jpg
97.01.25 02:43 B D:\FrontPage Webs\Content\speedr1\contents.htm --> dspace.dial.pipex.com /nl56 contents.htm
97.01.25 02:44 B D:\FrontPage Webs\Content\speedr1\f1ct.htm --> dspace.dial.pipex.com /nl56 f1ct.htm
97.01.25 02:44 B D:\FrontPage Webs\Content\speedr1\irlct.htm --> dspace.dial.pipex.com /nl56 irlct.htm
97.01.25 02:44 B D:\FrontPage Webs\Content\speedr1\irn9701c.htm --> dspace.dial.pipex.com /nl56 irn9701c.htm
97.01.25 02:44 B D:\FrontPage Webs\Content\speedr1\irwd97ct.htm --> dspace.dial.pipex.com /nl56 irwd97ct.htm
97.01.25 02:44 B D:\FrontPage Webs\Content\speedr1\irwd97qu.htm --> dspace.dial.pipex.com /nl56 irwd97qu.htm
97.01.25 02:44 B D:\FrontPage Webs\Content\speedr1\irwdrp01.htm --> dspace.dial.pipex.com /nl56 irwdrp01.htm
97.01.25 02:45 B D:\FrontPage Webs\Content\speedr1\index.htm --> dspace.dial.pipex.com /nl56 index.htm
97.01.25 02:52 B D:\FrontPage Webs\Content\speedr1\irwd97ct.htm --> dspace.dial.pipex.com /nl56 irwd97ct.htm
97.01.25 02:58 B D:\FrontPage Webs\Content\speedr1\irwd97ct.htm --> dspace.dial.pipex.com /nl56 irwd97ct.htm
97.01.25 03:05 B D:\FrontPage Webs\Content\speedr1\irwd97ct.htm --> dspace.dial.pipex.com /nl56 irwd97ct.htm
97.01.25 03:07 B D:\FrontPage Webs\Content\speedr1\irn9701c.htm --> dspace.dial.pipex.com /nl56 irn9701c.htm
97.01.25 03:07 B D:\FrontPage Webs\Content\speedr1\irwd97ct.htm --> dspace.dial.pipex.com /nl56 irwd97ct.htm
97.01.25 03:07 B D:\FrontPage Webs\Content\speedr1\irwd97qu.htm --> dspace.dial.pipex.com /nl56 irwd97qu.htm
97.01.25 03:07 B D:\FrontPage Webs\Content\speedr1\irwdrp01.htm --> dspace.dial.pipex.com /nl56 irwdrp01.htm
97.01.25 13:21 B D:\FrontPage Webs\Content\speedr1\irwd97ct.htm --> dspace.dial.pipex.com /nl56 irwd97ct.htm
97.01.25 13:22 B D:\FrontPage Webs\Content\speedr1\irwd97pr.htm --> dspace.dial.pipex.com /nl56 irwd97pr.htm
97.01.25 13:22 B D:\FrontPage Webs\Content\speedr1\irwd97qg.htm --> dspace.dial.pipex.com /nl56 irwd97qg.htm
97.01.25 13:22 B D:\FrontPage Webs\Content\speedr1\irwdrp01.htm --> dspace.dial.pipex.com /nl56 irwdrp01.htm
97.01.27 23:13 B D:\FrontPage Webs\Content\speedr1\ir97ps.htm --> dspace.dial.pipex.com /nl56 ir97ps.htm
97.01.27 23:13 B D:\FrontPage Webs\Content\speedr1\irlct.htm --> dspace.dial.pipex.com /nl56 irlct.htm
97.01.27 23:13 B D:\FrontPage Webs\Content\speedr1\irlv96qr.htm --> dspace.dial.pipex.com /nl56 irlv96qr.htm
97.01.27 23:13 B D:\FrontPage Webs\Content\speedr1\irlv96rr.htm --> dspace.dial.pipex.com /nl56 irlv96rr.htm
97.01.27 23:13 B D:\FrontPage Webs\Content\speedr1\irn9701c.htm --> dspace.dial.pipex.com /nl56 irn9701c.htm
97.01.27 23:13 B D:\FrontPage Webs\Content\speedr1\irwd97ct.htm --> dspace.dial.pipex.com /nl56 irwd97ct.htm
97.01.27 23:13 B D:\FrontPage Webs\Content\speedr1\irwd97pr.htm --> dspace.dial.pipex.com /nl56 irwd97pr.htm
97.01.27 23:13 B D:\FrontPage Webs\Content\speedr1\irwd97qg.htm --> dspace.dial.pipex.com /nl56 irwd97qg.htm
97.01.27 23:13 B D:\FrontPage Webs\Content\speedr1\irwd97qu.htm --> dspace.dial.pipex.com /nl56 irwd97qu.htm
97.01.27 23:13 B D:\FrontPage Webs\Content\speedr1\irwd97rr.htm --> dspace.dial.pipex.com /nl56 irwd97rr.htm
97.01.27 23:13 B D:\FrontPage Webs\Content\speedr1\irwdrp01.htm --> dspace.dial.pipex.com /nl56 irwdrp01.htm
97.01.29 01:09 B D:\FrontPage Webs\Content\speedr1\f1ct.htm --> dspace.dial.pipex.com /nl56 f1ct.htm
97.01.29 01:09 B D:\FrontPage Webs\Content\speedr1\f1n9701c.htm --> dspace.dial.pipex.com /nl56 f1n9701c.htm
96.02.02 19:26 B D:\FrontPage Webs\Content\speedr1\contents.htm --> dspace.dial.pipex.com /nl56 contents.htm
96.02.02 19:26 B D:\FrontPage Webs\Content\speedr1\f1ct.htm --> dspace.dial.pipex.com /nl56 f1ct.htm
96.02.02 19:26 B D:\FrontPage Webs\Content\speedr1\f1jo97la.htm --> dspace.dial.pipex.com /nl56 f1jo97la.htm
96.02.02 19:26 B D:\FrontPage Webs\Content\speedr1\f1jots97.htm --> dspace.dial.pipex.com /nl56 f1jots97.htm
96.02.02 19:26 B D:\FrontPage Webs\Content\speedr1\jo97laaa.jpg --> dspace.dial.pipex.com /nl56 jo97laaa.jpg
96.02.02 19:26 B D:\FrontPage Webs\Content\speedr1\jo97laab.jpg --> dspace.dial.pipex.com /nl56 jo97laab.jpg
96.02.02 19:26 B D:\FrontPage Webs\Content\speedr1\jo97laac.jpg --> dspace.dial.pipex.com /nl56 jo97laac.jpg
96.02.02 19:26 B D:\FrontPage Webs\Content\speedr1\jo97laad.jpg --> dspace.dial.pipex.com /nl56 jo97laad.jpg
96.02.02 19:26 B D:\FrontPage Webs\Content\speedr1\jo97laae.jpg --> dspace.dial.pipex.com /nl56 jo97laae.jpg
96.02.02 19:26 B D:\FrontPage Webs\Content\speedr1\jo97laaf.jpg --> dspace.dial.pipex.com /nl56 jo97laaf.jpg
96.02.02 19:27 B D:\FrontPage Webs\Content\speedr1\index.htm --> dspace.dial.pipex.com /nl56 index.htm
96.02.02 19:29 B D:\FrontPage Webs\Content\speedr1\ej97aa.jpg --> dspace.dial.pipex.com /nl56 ej97aa.jpg
96.02.03 21:49 B D:\FrontPage Webs\Content\speedr1\f1ct.htm --> dspace.dial.pipex.com /nl56 f1ct.htm
96.02.03 21:49 B D:\FrontPage Webs\Content\speedr1\f1wi97la.htm --> dspace.dial.pipex.com /nl56 f1wi97la.htm
96.02.03 21:49 B D:\FrontPage Webs\Content\speedr1\fw19laaa.jpg --> dspace.dial.pipex.com /nl56 fw19laaa.jpg
96.02.03 21:49 B D:\FrontPage Webs\Content\speedr1\index.htm --> dspace.dial.pipex.com /nl56 index.htm
96.02.11 23:29 B D:\FrontPage Webs\Content\speedr1\f1ct.htm --> dspace.dial.pipex.com /nl56 f1ct.htm
96.02.11 23:29 B D:\FrontPage Webs\Content\speedr1\f1n0297a.htm --> dspace.dial.pipex.com /nl56 f1n0297a.htm
96.02.11 23:29 B D:\FrontPage Webs\Content\speedr1\index.htm --> dspace.dial.pipex.com /nl56 index.htm
96.02.11 23:29 B D:\FrontPage Webs\Content\speedr1\jvfw1903.jpg --> dspace.dial.pipex.com /nl56 jvfw1903.jpg
96.02.11 23:29 B D:\FrontPage Webs\Content\speedr1\jvfw1904.jpg --> dspace.dial.pipex.com /nl56 jvfw1904.jpg
96.02.11 23:29 B D:\FrontPage Webs\Content\speedr1\ms03fe97.jpg --> dspace.dial.pipex.com /nl56 ms03fe97.jpg
96.02.11 23:29 B D:\FrontPage Webs\Content\speedr1\rcssin01.htm --> dspace.dial.pipex.com /nl56 rcssin01.htm
96.02.11 23:30 B D:\FrontPage Webs\Content\speedr1\rcssin02.htm --> dspace.dial.pipex.com /nl56 rcssin02.htm
96.02.11 23:30 B D:\FrontPage Webs\Content\speedr1\rcssin03.htm --> dspace.dial.pipex.com /nl56 rcssin03.htm
96.02.11 23:30 B D:\FrontPage Webs\Content\speedr1\rcssin04.htm --> dspace.dial.pipex.com /nl56 rcssin04.htm
96.02.11 23:30 B D:\FrontPage Webs\Content\speedr1\rcssin05.htm --> dspace.dial.pipex.com /nl56 rcssin05.htm
96.02.11 23:30 B D:\FrontPage Webs\Content\speedr1\rcssin06.htm --> dspace.dial.pipex.com /nl56 rcssin06.htm
96.02.11 23:30 B D:\FrontPage Webs\Content\speedr1\rcssin07.htm --> dspace.dial.pipex.com /nl56 rcssin07.htm
96.02.11 23:30 B D:\FrontPage Webs\Content\speedr1\rcssin08.htm --> dspace.dial.pipex.com /nl56 rcssin08.htm
96.02.11 23:30 B D:\FrontPage Webs\Content\speedr1\rcssin10.htm --> dspace.dial.pipex.com /nl56 rcssin10.htm
96.02.11 23:30 B D:\FrontPage Webs\Content\speedr1\rcssin11.htm --> dspace.dial.pipex.com /nl56 rcssin11.htm
96.02.11 23:30 B D:\FrontPage Webs\Content\speedr1\rcssin12.htm --> dspace.dial.pipex.com /nl56 rcssin12.htm
96.02.11 23:30 B D:\FrontPage Webs\Content\speedr1\rcssin13.htm --> dspace.dial.pipex.com /nl56 rcssin13.htm
96.02.11 23:30 B D:\FrontPage Webs\Content\speedr1\rcssin15.htm --> dspace.dial.pipex.com /nl56 rcssin15.htm
96.02.11 23:30 B D:\FrontPage Webs\Content\speedr1\rcssin16.htm --> dspace.dial.pipex.com /nl56 rcssin16.htm
96.02.11 23:30 B D:\FrontPage Webs\Content\speedr1\rcssin17.htm --> dspace.dial.pipex.com /nl56 rcssin17.htm
96.02.11 23:30 B D:\FrontPage Webs\Content\speedr1\rcssin18.htm --> dspace.dial.pipex.com /nl56 rcssin18.htm
96.02.11 23:30 B D:\FrontPage Webs\Content\speedr1\rcssin19.htm --> dspace.dial.pipex.com /nl56 rcssin19.htm
96.02.11 23:30 B D:\FrontPage Webs\Content\speedr1\rcssin20.htm --> dspace.dial.pipex.com /nl56 rcssin20.htm
96.02.11 23:30 B D:\FrontPage Webs\Content\speedr1\rcssin21.htm --> dspace.dial.pipex.com /nl56 rcssin21.htm
96.02.11 23:30 B D:\FrontPage Webs\Content\speedr1\rcssin22.htm --> dspace.dial.pipex.com /nl56 rcssin22.htm
96.02.11 23:30 B D:\FrontPage Webs\Content\speedr1\rcssin23.htm --> dspace.dial.pipex.com /nl56 rcssin23.htm
96.02.11 23:30 B D:\FrontPage Webs\Content\speedr1\rcssin24.htm --> dspace.dial.pipex.com /nl56 rcssin24.htm
96.02.11 23:30 B D:\FrontPage Webs\Content\speedr1\rcssin25.htm --> dspace.dial.pipex.com /nl56 rcssin25.htm
96.02.11 23:30 B D:\FrontPage Webs\Content\speedr1\rcssin26.htm --> dspace.dial.pipex.com /nl56 rcssin26.htm
96.02.11 23:30 B D:\FrontPage Webs\Content\speedr1\rcssin27.htm --> dspace.dial.pipex.com /nl56 rcssin27.htm
96.02.11 23:31 B D:\FrontPage Webs\Content\speedr1\silv97.jpg --> dspace.dial.pipex.com /nl56 silv97.jpg
96.02.13 00:44 B D:\FrontPage Webs\Content\speedr1\a-18.jpg --> dspace.dial.pipex.com /nl56 a-18.jpg
96.02.13 00:44 B D:\FrontPage Webs\Content\speedr1\car.htm --> dspace.dial.pipex.com /nl56 car.htm
96.02.13 00:44 B D:\FrontPage Webs\Content\speedr1\f1ct.htm --> dspace.dial.pipex.com /nl56 f1ct.htm
96.02.13 00:44 B D:\FrontPage Webs\Content\speedr1\f1n9702b.htm --> dspace.dial.pipex.com /nl56 f1n9702b.htm
96.02.13 00:44 B D:\FrontPage Webs\Content\speedr1\fw97sp.htm --> dspace.dial.pipex.com /nl56 fw97sp.htm
96.02.13 00:44 B D:\FrontPage Webs\Content\speedr1\index.htm --> dspace.dial.pipex.com /nl56 index.htm
96.02.13 00:44 B D:\FrontPage Webs\Content\speedr1\min97sp.htm --> dspace.dial.pipex.com /nl56 min97sp.htm
96.02.13 00:44 B D:\FrontPage Webs\Content\speedr1\min_frnt.jpg --> dspace.dial.pipex.com /nl56 min_frnt.jpg
96.02.13 00:44 B D:\FrontPage Webs\Content\speedr1\sa97laaa.htm --> dspace.dial.pipex.com /nl56 sa97laaa.htm
96.02.13 00:44 B D:\FrontPage Webs\Content\speedr1\sac16la.jpg --> dspace.dial.pipex.com /nl56 sac16la.jpg
96.02.13 00:45 B D:\FrontPage Webs\Content\speedr1\sac16mo1.jpg --> dspace.dial.pipex.com /nl56 sac16mo1.jpg
96.02.13 00:45 B D:\FrontPage Webs\Content\speedr1\ty97la.jpg --> dspace.dial.pipex.com /nl56 ty97la.jpg
96.02.13 00:45 B D:\FrontPage Webs\Content\speedr1\tyr97sp.htm --> dspace.dial.pipex.com /nl56 tyr97sp.htm
96.02.13 00:49 B D:\FrontPage Webs\Content\speedr1\arr97spc.htm --> dspace.dial.pipex.com /nl56 arr97spc.htm
96.02.16 20:55 B D:\FrontPage Webs\Content\speedr1\contents.htm --> dspace.dial.pipex.com /nl56 contents.htm
96.02.16 20:55 B D:\FrontPage Webs\Content\speedr1\f1ct.htm --> dspace.dial.pipex.com /nl56 f1ct.htm
96.02.16 20:55 B D:\FrontPage Webs\Content\speedr1\licback.gif --> dspace.dial.pipex.com /nl56 licback.gif
96.02.16 20:55 B D:\FrontPage Webs\Content\speedr1\licconts.gif --> dspace.dial.pipex.com /nl56 licconts.gif
96.02.16 20:55 B D:\FrontPage Webs\Content\speedr1\lichelp.gif --> dspace.dial.pipex.com /nl56 lichelp.gif
96.02.16 20:55 B D:\FrontPage Webs\Content\speedr1\lichome.gif --> dspace.dial.pipex.com /nl56 lichome.gif
96.02.16 20:55 B D:\FrontPage Webs\Content\speedr1\licinfo.gif --> dspace.dial.pipex.com /nl56 licinfo.gif
96.02.16 20:55 B D:\FrontPage Webs\Content\speedr1\licnext.gif --> dspace.dial.pipex.com /nl56 licnext.gif
96.02.16 20:56 B D:\FrontPage Webs\Content\speedr1\licnowt.gif --> dspace.dial.pipex.com /nl56 licnowt.gif
96.02.16 20:56 B D:\FrontPage Webs\Content\speedr1\lictop.gif --> dspace.dial.pipex.com /nl56 lictop.gif
96.02.16 20:56 B D:\FrontPage Webs\Content\speedr1\ml41297a.jpg --> dspace.dial.pipex.com /nl56 ml41297a.jpg
96.02.16 20:56 B D:\FrontPage Webs\Content\speedr1\ml97eng.jpg --> dspace.dial.pipex.com /nl56 ml97eng.jpg
96.02.16 20:56 B D:\FrontPage Webs\Content\speedr1\ml97laaa.jpg --> dspace.dial.pipex.com /nl56 ml97laaa.jpg
96.02.16 20:56 B D:\FrontPage Webs\Content\speedr1\ml97laab.jpg --> dspace.dial.pipex.com /nl56 ml97laab.jpg
96.02.16 20:56 B D:\FrontPage Webs\Content\speedr1\ml97laac.jpg --> dspace.dial.pipex.com /nl56 ml97laac.jpg
96.02.16 20:56 B D:\FrontPage Webs\Content\speedr1\ml97laad.jpg --> dspace.dial.pipex.com /nl56 ml97laad.jpg
96.02.16 20:56 B D:\FrontPage Webs\Content\speedr1\ml97sp.htm --> dspace.dial.pipex.com /nl56 ml97sp.htm
96.02.16 20:56 B D:\FrontPage Webs\Content\speedr1\mp412lna.htm --> dspace.dial.pipex.com /nl56 mp412lna.htm
96.02.16 20:56 B D:\FrontPage Webs\Content\speedr1\smnls297.gif --> dspace.dial.pipex.com /nl56 smnls297.gif
96.02.16 20:56 B D:\FrontPage Webs\Content\speedr1\spices.jpg --> dspace.dial.pipex.com /nl56 spices.jpg
96.02.16 22:04 B D:\FrontPage Webs\Content\speedr1\index.htm --> dspace.dial.pipex.com /nl56 index.htm
96.02.16 22:07 B D:\FrontPage Webs\Content\speedr1\licnext.gif --> dspace.dial.pipex.com /nl56 licnext.gif
96.02.17 21:23 B D:\FrontPage Webs\Content\speedr1\licback.gif --> dspace.dial.pipex.com /nl56 licback.gif
96.02.17 21:23 B D:\FrontPage Webs\Content\speedr1\licconts.gif --> dspace.dial.pipex.com /nl56 licconts.gif
96.02.17 21:23 B D:\FrontPage Webs\Content\speedr1\lichelp.gif --> dspace.dial.pipex.com /nl56 lichelp.gif
96.02.17 21:23 B D:\FrontPage Webs\Content\speedr1\lichome.gif --> dspace.dial.pipex.com /nl56 lichome.gif
96.02.17 21:23 B D:\FrontPage Webs\Content\speedr1\licinfo.gif --> dspace.dial.pipex.com /nl56 licinfo.gif
96.02.17 21:24 B D:\FrontPage Webs\Content\speedr1\licnext.gif --> dspace.dial.pipex.com /nl56 licnext.gif
96.02.17 21:24 B D:\FrontPage Webs\Content\speedr1\licnowt.gif --> dspace.dial.pipex.com /nl56 licnowt.gif
96.02.17 21:24 B D:\FrontPage Webs\Content\speedr1\lictop.gif --> dspace.dial.pipex.com /nl56 lictop.gif
96.02.17 21:24 B D:\FrontPage Webs\Content\speedr1\lightbk.gif --> dspace.dial.pipex.com /nl56 lightbk.gif
96.02.17 21:24 B D:\FrontPage Webs\Content\speedr1\ml97sp.htm --> dspace.dial.pipex.com /nl56 ml97sp.htm
96.02.17 21:24 B D:\FrontPage Webs\Content\speedr1\mp412lna.htm --> dspace.dial.pipex.com /nl56 mp412lna.htm
96.02.17 21:25 B D:\FrontPage Webs\Content\speedr1\smnls297.gif --> dspace.dial.pipex.com /nl56 smnls297.gif
97.02.23 17:54 B D:\FrontPage Webs\Content\speedr1\aboutus.htm --> dspace.dial.pipex.com /nl56 aboutus.htm
97.02.23 17:54 B D:\FrontPage Webs\Content\speedr1\carg97.gif --> dspace.dial.pipex.com /nl56 carg97.gif
97.02.23 17:54 B D:\FrontPage Webs\Content\speedr1\cbraz97.gif --> dspace.dial.pipex.com /nl56 cbraz97.gif
97.02.23 17:54 B D:\FrontPage Webs\Content\speedr1\ccan97.gif --> dspace.dial.pipex.com /nl56 ccan97.gif
97.02.23 17:54 B D:\FrontPage Webs\Content\speedr1\cesto97.gif --> dspace.dial.pipex.com /nl56 cesto97.gif
97.02.23 17:54 B D:\FrontPage Webs\Content\speedr1\cfra97.gif --> dspace.dial.pipex.com /nl56 cfra97.gif
97.02.23 17:54 B D:\FrontPage Webs\Content\speedr1\cgb97.gif --> dspace.dial.pipex.com /nl56 cgb97.gif
97.02.23 17:54 B D:\FrontPage Webs\Content\speedr1\cgerm97.gif --> dspace.dial.pipex.com /nl56 cgerm97.gif
97.02.23 17:54 B D:\FrontPage Webs\Content\speedr1\chung97.gif --> dspace.dial.pipex.com /nl56 chung97.gif
97.02.23 17:54 B D:\FrontPage Webs\Content\speedr1\city97.gif --> dspace.dial.pipex.com /nl56 city97.gif
97.02.23 17:54 B D:\FrontPage Webs\Content\speedr1\cmelb97.gif --> dspace.dial.pipex.com /nl56 cmelb97.gif
97.02.23 17:54 B D:\FrontPage Webs\Content\speedr1\cmon97.gif --> dspace.dial.pipex.com /nl56 cmon97.gif
97.02.23 17:54 B D:\FrontPage Webs\Content\speedr1\cnurb97.gif --> dspace.dial.pipex.com /nl56 cnurb97.gif
97.02.23 17:54 B D:\FrontPage Webs\Content\speedr1\contents.htm --> dspace.dial.pipex.com /nl56 contents.htm
97.02.23 17:54 B D:\FrontPage Webs\Content\speedr1\csanma97.gif --> dspace.dial.pipex.com /nl56 csanma97.gif
97.02.23 17:54 B D:\FrontPage Webs\Content\speedr1\cspa97.gif --> dspace.dial.pipex.com /nl56 cspa97.gif
97.02.23 17:54 B D:\FrontPage Webs\Content\speedr1\cspain97.gif --> dspace.dial.pipex.com /nl56 cspain97.gif
97.02.23 17:54 B D:\FrontPage Webs\Content\speedr1\csuz97.gif --> dspace.dial.pipex.com /nl56 csuz97.gif
97.02.23 17:55 B D:\FrontPage Webs\Content\speedr1\dhtiny.jpg --> dspace.dial.pipex.com /nl56 dhtiny.jpg
97.02.23 17:55 B D:\FrontPage Webs\Content\speedr1\f1ch1997.htm --> dspace.dial.pipex.com /nl56 f1ch1997.htm
97.02.23 17:55 B D:\FrontPage Webs\Content\speedr1\f1ct.htm --> dspace.dial.pipex.com /nl56 f1ct.htm
97.02.23 17:55 B D:\FrontPage Webs\Content\speedr1\f1tl.gif --> dspace.dial.pipex.com /nl56 f1tl.gif
97.02.23 17:55 B D:\FrontPage Webs\Content\speedr1\fullinde.htm --> dspace.dial.pipex.com /nl56 fullinde.htm
97.02.23 17:55 B D:\FrontPage Webs\Content\speedr1\help.htm --> dspace.dial.pipex.com /nl56 help.htm
97.02.23 17:55 B D:\FrontPage Webs\Content\speedr1\icf1.gif --> dspace.dial.pipex.com /nl56 icf1.gif
97.02.23 17:55 B D:\FrontPage Webs\Content\speedr1\icirl.gif --> dspace.dial.pipex.com /nl56 icirl.gif
97.02.23 17:55 B D:\FrontPage Webs\Content\speedr1\index.htm --> dspace.dial.pipex.com /nl56 index.htm
97.02.23 17:58 B D:\FrontPage Webs\Content\speedr1\bmwcsl1.gif --> dspace.dial.pipex.com /nl56 bmwcsl1.gif
97.02.23 17:58 B D:\FrontPage Webs\Content\speedr1\fp114a.gif --> dspace.dial.pipex.com /nl56 fp114a.gif
97.02.23 18:01 B D:\FrontPage Webs\Content\speedr1\ca1rng97.gif --> dspace.dial.pipex.com /nl56 ca1rng97.gif
97.02.23 18:19 B D:\FrontPage Webs\Content\speedr1\aboutus.htm --> dspace.dial.pipex.com /nl56 aboutus.htm
97.02.23 18:19 B D:\FrontPage Webs\Content\speedr1\autolnk2.gif --> dspace.dial.pipex.com /nl56 autolnk2.gif
97.02.23 18:19 B D:\FrontPage Webs\Content\speedr1\contents.htm --> dspace.dial.pipex.com /nl56 contents.htm
97.02.23 18:19 B D:\FrontPage Webs\Content\speedr1\f1ch1997.htm --> dspace.dial.pipex.com /nl56 f1ch1997.htm
97.02.23 18:19 B D:\FrontPage Webs\Content\speedr1\f1ct.htm --> dspace.dial.pipex.com /nl56 f1ct.htm
97.02.23 18:19 B D:\FrontPage Webs\Content\speedr1\help.htm --> dspace.dial.pipex.com /nl56 help.htm
97.02.23 18:19 B D:\FrontPage Webs\Content\speedr1\index.htm --> dspace.dial.pipex.com /nl56 index.htm
97.02.23 18:19 B D:\FrontPage Webs\Content\speedr1\licnext.gif --> dspace.dial.pipex.com /nl56 licnext.gif
97.02.23 18:19 B D:\FrontPage Webs\Content\speedr1\ml97sp.htm --> dspace.dial.pipex.com /nl56 ml97sp.htm
97.02.23 18:19 B D:\FrontPage Webs\Content\speedr1\mp412lna.htm --> dspace.dial.pipex.com /nl56 mp412lna.htm
97.02.24 21:36 B D:\FrontPage Webs\Content\speedr1\contents.htm --> dspace.dial.pipex.com /nl56 contents.htm
97.02.24 21:36 B D:\FrontPage Webs\Content\speedr1\f1ct.htm --> dspace.dial.pipex.com /nl56 f1ct.htm
97.02.24 21:36 B D:\FrontPage Webs\Content\speedr1\index.htm --> dspace.dial.pipex.com /nl56 index.htm
97.02.24 21:36 B D:\FrontPage Webs\Content\speedr1\lo97laaa.jpg --> dspace.dial.pipex.com /nl56 lo97laaa.jpg
97.02.24 21:36 B D:\FrontPage Webs\Content\speedr1\lo97laab.jpg --> dspace.dial.pipex.com /nl56 lo97laab.jpg
97.02.24 21:36 B D:\FrontPage Webs\Content\speedr1\lol97sp.htm --> dspace.dial.pipex.com /nl56 lol97sp.htm
97.02.24 21:36 B D:\FrontPage Webs\Content\speedr1\lola97la.htm --> dspace.dial.pipex.com /nl56 lola97la.htm
97.02.24 21:37 B D:\FrontPage Webs\Content\speedr1\ros97a.jpg --> dspace.dial.pipex.com /nl56 ros97a.jpg
97.02.24 21:37 B D:\FrontPage Webs\Content\speedr1\sospr97a.jpg --> dspace.dial.pipex.com /nl56 sospr97a.jpg
97.02.25 23:30 B D:\FrontPage Webs\Content\speedr1\arr97spc.htm --> dspace.dial.pipex.com /nl56 arr97spc.htm
97.02.25 23:30 B D:\FrontPage Webs\Content\speedr1\be97sp.htm --> dspace.dial.pipex.com /nl56 be97sp.htm
97.02.25 23:30 B D:\FrontPage Webs\Content\speedr1\f1n9702c.htm --> dspace.dial.pipex.com /nl56 f1n9702c.htm
97.02.25 23:30 B D:\FrontPage Webs\Content\speedr1\fe97sp.htm --> dspace.dial.pipex.com /nl56 fe97sp.htm
97.02.25 23:30 B D:\FrontPage Webs\Content\speedr1\fer97aa.jpg --> dspace.dial.pipex.com /nl56 fer97aa.jpg
97.02.25 23:30 B D:\FrontPage Webs\Content\speedr1\ferrari.gif --> dspace.dial.pipex.com /nl56 ferrari.gif
97.02.25 23:30 B D:\FrontPage Webs\Content\speedr1\ferv10.jpg --> dspace.dial.pipex.com /nl56 ferv10.jpg
97.02.25 23:30 B D:\FrontPage Webs\Content\speedr1\fullinde.htm --> dspace.dial.pipex.com /nl56 fullinde.htm
97.02.25 23:30 B D:\FrontPage Webs\Content\speedr1\renv10.jpg --> dspace.dial.pipex.com /nl56 renv10.jpg
97.02.25 23:31 B D:\FrontPage Webs\Content\speedr1\st97aa.jpg --> dspace.dial.pipex.com /nl56 st97aa.jpg
97.02.25 23:31 B D:\FrontPage Webs\Content\speedr1\st97sp.htm --> dspace.dial.pipex.com /nl56 st97sp.htm
97.02.25 23:32 B D:\FrontPage Webs\Content\speedr1\f1ct.htm --> dspace.dial.pipex.com /nl56 f1ct.htm
97.02.26 23:16 B D:\FrontPage Webs\Content\speedr1\f1ch1997.htm --> dspace.dial.pipex.com /nl56 f1ch1997.htm
97.02.26 23:16 B D:\FrontPage Webs\Content\speedr1\melb97.gif --> dspace.dial.pipex.com /nl56 melb97.gif
97.02.26 23:16 B D:\FrontPage Webs\Content\speedr1\melb97cd.htm --> dspace.dial.pipex.com /nl56 melb97cd.htm
97.03.02 22:18 B D:\FrontPage Webs\Content\speedr1\aboutus.htm --> dspace.dial.pipex.com /nl56 aboutus.htm
97.03.02 22:18 B D:\FrontPage Webs\Content\speedr1\arr97spc.htm --> dspace.dial.pipex.com /nl56 arr97spc.htm
97.03.02 22:18 B D:\FrontPage Webs\Content\speedr1\be97sp.htm --> dspace.dial.pipex.com /nl56 be97sp.htm
97.03.02 22:18 B D:\FrontPage Webs\Content\speedr1\bnner.gif --> dspace.dial.pipex.com /nl56 bnner.gif
97.03.02 22:19 B D:\FrontPage Webs\Content\speedr1\braz97.gif --> dspace.dial.pipex.com /nl56 braz97.gif
97.03.02 22:19 B D:\FrontPage Webs\Content\speedr1\contents.htm --> dspace.dial.pipex.com /nl56 contents.htm
97.03.02 22:19 B D:\FrontPage Webs\Content\speedr1\f1ch1997.htm --> dspace.dial.pipex.com /nl56 f1ch1997.htm
97.03.02 22:19 B D:\FrontPage Webs\Content\speedr1\f1ct.htm --> dspace.dial.pipex.com /nl56 f1ct.htm
97.03.02 22:19 B D:\FrontPage Webs\Content\speedr1\f1n9702c.htm --> dspace.dial.pipex.com /nl56 f1n9702c.htm
97.03.02 22:19 B D:\FrontPage Webs\Content\speedr1\f1n9703a.htm --> dspace.dial.pipex.com /nl56 f1n9703a.htm
97.03.02 22:19 B D:\FrontPage Webs\Content\speedr1\fullinde.htm --> dspace.dial.pipex.com /nl56 fullinde.htm
97.03.02 22:19 B D:\FrontPage Webs\Content\speedr1\int97cd.htm --> dspace.dial.pipex.com /nl56 int97cd.htm
97.03.02 22:19 B D:\FrontPage Webs\Content\speedr1\lol97sp.htm --> dspace.dial.pipex.com /nl56 lol97sp.htm
97.03.02 22:19 B D:\FrontPage Webs\Content\speedr1\lola97la.htm --> dspace.dial.pipex.com /nl56 lola97la.htm
97.03.02 22:19 B D:\FrontPage Webs\Content\speedr1\mel97rp.htm --> dspace.dial.pipex.com /nl56 mel97rp.htm
97.03.02 22:20 B D:\FrontPage Webs\Content\speedr1\melb97cd.htm --> dspace.dial.pipex.com /nl56 melb97cd.htm
97.03.02 22:20 B D:\FrontPage Webs\Content\speedr1\st97sp.htm --> dspace.dial.pipex.com /nl56 st97sp.htm
97.03.02 22:21 B D:\FrontPage Webs\Content\speedr1\index.htm --> dspace.dial.pipex.com /nl56 index.htm
97.03.02 22:21 B D:\FrontPage Webs\Content\speedr1\index.htm --> dspace.dial.pipex.com /nl56 index.htm
97.03.02 22:50 B D:\FrontPage Webs\Content\speedr1\mel97rp.htm --> dspace.dial.pipex.com /nl56 mel97rp.htm
97.03.04 00:36 B D:\FrontPage Webs\Content\speedr1\f1ch1997.htm --> dspace.dial.pipex.com /nl56 f1ch1997.htm
97.03.07 09:01 B D:\FrontPage Webs\Content\speedr1\f1ch1997.htm --> dspace.dial.pipex.com /nl56 f1ch1997.htm
97.03.07 09:01 B D:\FrontPage Webs\Content\speedr1\mel97pr.htm --> dspace.dial.pipex.com /nl56 mel97pr.htm
97.03.07 09:01 B D:\FrontPage Webs\Content\speedr1\mel97rp.htm --> dspace.dial.pipex.com /nl56 mel97rp.htm
97.03.08 05:04 B D:\FrontPage Webs\Content\speedr1\f1ch1997.htm --> dspace.dial.pipex.com /nl56 f1ch1997.htm
97.03.08 05:04 B D:\FrontPage Webs\Content\speedr1\mel97qr.htm --> dspace.dial.pipex.com /nl56 mel97qr.htm
97.03.08 21:58 B D:\FrontPage Webs\Content\speedr1\f1ch1997.htm --> dspace.dial.pipex.com /nl56 f1ch1997.htm
97.03.08 22:00 B D:\FrontPage Webs\Content\speedr1\jvfw1905.jpg --> dspace.dial.pipex.com /nl56 jvfw1905.jpg
97.03.08 22:00 B D:\FrontPage Webs\Content\speedr1\mel97pr.htm --> dspace.dial.pipex.com /nl56 mel97pr.htm
97.03.08 22:00 B D:\FrontPage Webs\Content\speedr1\mel97qr.htm --> dspace.dial.pipex.com /nl56 mel97qr.htm
97.03.08 22:00 B D:\FrontPage Webs\Content\speedr1\mel97qra.htm --> dspace.dial.pipex.com /nl56 mel97qra.htm
97.03.08 22:01 B D:\FrontPage Webs\Content\speedr1\mel97rp.htm --> dspace.dial.pipex.com /nl56 mel97rp.htm
97.03.09 13:00 B D:\FrontPage Webs\Content\speedr1\f1ch1997.htm --> dspace.dial.pipex.com /nl56 f1ch1997.htm
97.03.09 13:00 B D:\FrontPage Webs\Content\speedr1\hhf97aa.jpg --> dspace.dial.pipex.com /nl56 hhf97aa.jpg
97.03.09 13:00 B D:\FrontPage Webs\Content\speedr1\mel97rr.htm --> dspace.dial.pipex.com /nl56 mel97rr.htm
97.03.09 13:07 B D:\FrontPage Webs\Content\speedr1\f1ch1997.htm --> dspace.dial.pipex.com /nl56 f1ch1997.htm
97.03.09 13:07 B D:\FrontPage Webs\Content\speedr1\fullinde.htm --> dspace.dial.pipex.com /nl56 fullinde.htm
97.03.16 22:44 B D:\FrontPage Webs\Content\speedr1\f1ct.htm --> dspace.dial.pipex.com /nl56 f1ct.htm
97.03.16 22:44 B D:\FrontPage Webs\Content\speedr1\f1n9703b.htm --> dspace.dial.pipex.com /nl56 f1n9703b.htm
97.03.16 22:44 B D:\FrontPage Webs\Content\speedr1\fullinde.htm --> dspace.dial.pipex.com /nl56 fullinde.htm
97.03.16 22:44 B D:\FrontPage Webs\Content\speedr1\meco9701.jpg --> dspace.dial.pipex.com /nl56 meco9701.jpg
97.03.16 22:44 B D:\FrontPage Webs\Content\speedr1\mejv9701.jpg --> dspace.dial.pipex.com /nl56 mejv9701.jpg
97.03.16 22:44 B D:\FrontPage Webs\Content\speedr1\mel97po.htm --> dspace.dial.pipex.com /nl56 mel97po.htm
97.03.16 22:45 B D:\FrontPage Webs\Content\speedr1\mel97pr.htm --> dspace.dial.pipex.com /nl56 mel97pr.htm
97.03.16 22:45 B D:\FrontPage Webs\Content\speedr1\melb97cd.htm --> dspace.dial.pipex.com /nl56 melb97cd.htm
97.03.16 22:47 B D:\FrontPage Webs\Content\speedr1\index.htm --> dspace.dial.pipex.com /nl56 index.htm
97.03.16 22:48 B D:\FrontPage Webs\Content\speedr1\licearth.gif --> dspace.dial.pipex.com /nl56 licearth.gif
97.03.16 22:51 B D:\FrontPage Webs\Content\speedr1\mel97ov.htm --> dspace.dial.pipex.com /nl56 mel97ov.htm
97.03.19 22:21 B D:\FrontPage Webs\Content\speedr1\ir97ps.htm --> dspace.dial.pipex.com /nl56 ir97ps.htm
97.03.19 22:21 B D:\FrontPage Webs\Content\speedr1\irlct.htm --> dspace.dial.pipex.com /nl56 irlct.htm
97.03.19 22:21 B D:\FrontPage Webs\Content\speedr1\irltl.gif --> dspace.dial.pipex.com /nl56 irltl.gif
97.03.19 22:21 B D:\FrontPage Webs\Content\speedr1\irn9703a.htm --> dspace.dial.pipex.com /nl56 irn9703a.htm
97.03.19 22:22 B D:\FrontPage Webs\Content\speedr1\index.htm --> dspace.dial.pipex.com /nl56 index.htm
97.03.24 23:56 B D:\FrontPage Webs\Content\speedr1\f1ch1997.htm --> dspace.dial.pipex.com /nl56 f1ch1997.htm
97.03.24 23:56 B D:\FrontPage Webs\Content\speedr1\bra97rp.htm --> dspace.dial.pipex.com /nl56 bra97rp.htm
97.03.30 08:23 B D:\FrontPage Webs\Content\speedr1\bra97qr.htm --> dspace.dial.pipex.com /nl56 bra97qr.htm
97.03.30 08:23 B D:\FrontPage Webs\Content\speedr1\bra97rp.htm --> dspace.dial.pipex.com /nl56 bra97rp.htm
97.03.30 08:23 B D:\FrontPage Webs\Content\speedr1\f1ch1997.htm --> dspace.dial.pipex.com /nl56 f1ch1997.htm
97.04.02 22:50 B D:\FrontPage Webs\Content\speedr1\bra97qr.htm --> dspace.dial.pipex.com /nl56 bra97qr.htm
97.04.02 22:50 B D:\FrontPage Webs\Content\speedr1\bra97rr.htm --> dspace.dial.pipex.com /nl56 bra97rr.htm
97.04.02 22:50 B D:\FrontPage Webs\Content\speedr1\dco97aa.jpg --> dspace.dial.pipex.com /nl56 dco97aa.jpg
97.04.02 22:50 B D:\FrontPage Webs\Content\speedr1\f1ch1997.htm --> dspace.dial.pipex.com /nl56 f1ch1997.htm
97.04.02 22:51 B D:\FrontPage Webs\Content\speedr1\f1ct.htm --> dspace.dial.pipex.com /nl56 f1ct.htm
97.04.02 22:51 B D:\FrontPage Webs\Content\speedr1\jv_winnr.jpg --> dspace.dial.pipex.com /nl56 jv_winnr.jpg
97.04.02 22:51 B D:\FrontPage Webs\Content\speedr1\msa97aa.jpg --> dspace.dial.pipex.com /nl56 msa97aa.jpg
97.04.02 22:51 B D:\FrontPage Webs\Content\speedr1\msc97aa.jpg --> dspace.dial.pipex.com /nl56 msc97aa.jpg
97.04.05 23:59 B D:\FrontPage Webs\Content\speedr1\bra97rr.htm --> dspace.dial.pipex.com /nl56 bra97rr.htm
97.04.08 13:26 B D:\FrontPage Webs\Content\speedr1\arg97.gif --> dspace.dial.pipex.com /nl56 arg97.gif
97.04.08 13:27 B D:\FrontPage Webs\Content\speedr1\arg97rp.htm --> dspace.dial.pipex.com /nl56 arg97rp.htm
97.04.08 13:27 B D:\FrontPage Webs\Content\speedr1\banner.gif --> dspace.dial.pipex.com /nl56 banner.gif
97.04.08 13:27 B D:\FrontPage Webs\Content\speedr1\bra97qr.htm --> dspace.dial.pipex.com /nl56 bra97qr.htm
97.04.08 13:27 B D:\FrontPage Webs\Content\speedr1\bra97rr.htm --> dspace.dial.pipex.com /nl56 bra97rr.htm
97.04.08 13:27 B D:\FrontPage Webs\Content\speedr1\bra97wl.htm --> dspace.dial.pipex.com /nl56 bra97wl.htm
97.04.08 13:27 B D:\FrontPage Webs\Content\speedr1\bue97cd.htm --> dspace.dial.pipex.com /nl56 bue97cd.htm
97.04.08 13:27 B D:\FrontPage Webs\Content\speedr1\carg97.gif --> dspace.dial.pipex.com /nl56 carg97.gif
97.04.08 13:28 B D:\FrontPage Webs\Content\speedr1\f1ch1997.htm --> dspace.dial.pipex.com /nl56 f1ch1997.htm
97.04.08 13:28 B D:\FrontPage Webs\Content\speedr1\f1ct.htm --> dspace.dial.pipex.com /nl56 f1ct.htm
97.04.08 13:28 B D:\FrontPage Webs\Content\speedr1\f1n9704a.htm --> dspace.dial.pipex.com /nl56 f1n9704a.htm
97.04.08 13:28 B D:\FrontPage Webs\Content\speedr1\fullinde.htm --> dspace.dial.pipex.com /nl56 fullinde.htm
97.04.08 13:28 B D:\FrontPage Webs\Content\speedr1\index.htm --> dspace.dial.pipex.com /nl56 index.htm
97.04.08 13:28 B D:\FrontPage Webs\Content\speedr1\msdhbr97.jpg --> dspace.dial.pipex.com /nl56 msdhbr97.jpg
97.04.10 21:30 B D:\FrontPage Webs\Content\speedr1\arg97rp.htm --> dspace.dial.pipex.com /nl56 arg97rp.htm
97.04.10 21:31 B D:\FrontPage Webs\Content\speedr1\aufodo97.jpg --> dspace.dial.pipex.com /nl56 aufodo97.jpg
97.04.10 21:31 B D:\FrontPage Webs\Content\speedr1\btf9701.htm --> dspace.dial.pipex.com /nl56 btf9701.htm
97.04.10 21:31 B D:\FrontPage Webs\Content\speedr1\btplato1.jpg --> dspace.dial.pipex.com /nl56 btplato1.jpg
97.04.10 21:31 B D:\FrontPage Webs\Content\speedr1\do97wins.jpg --> dspace.dial.pipex.com /nl56 do97wins.jpg
97.04.10 21:31 B D:\FrontPage Webs\Content\speedr1\f1ct.htm --> dspace.dial.pipex.com /nl56 f1ct.htm
97.04.10 21:31 B D:\FrontPage Webs\Content\speedr1\f1fpuglo.htm --> dspace.dial.pipex.com /nl56 f1fpuglo.htm
97.04.10 21:31 B D:\FrontPage Webs\Content\speedr1\f1n9704a.htm --> dspace.dial.pipex.com /nl56 f1n9704a.htm
97.04.10 21:31 B D:\FrontPage Webs\Content\speedr1\fullinde.htm --> dspace.dial.pipex.com /nl56 fullinde.htm
97.04.10 21:31 B D:\FrontPage Webs\Content\speedr1\index.htm --> dspace.dial.pipex.com /nl56 index.htm
97.04.10 21:31 B D:\FrontPage Webs\Content\speedr1\voldo97.jpg --> dspace.dial.pipex.com /nl56 voldo97.jpg
97.04.10 21:33 B D:\FrontPage Webs\Content\speedr1\headlnes.htm --> dspace.dial.pipex.com /nl56 headlnes.htm
97.04.13 00:48 B D:\FrontPage Webs\Content\speedr1\arg97qr.htm --> dspace.dial.pipex.com /nl56 arg97qr.htm
97.04.13 00:49 B D:\FrontPage Webs\Content\speedr1\f1ch1997.htm --> dspace.dial.pipex.com /nl56 f1ch1997.htm
97.04.13 00:49 B D:\FrontPage Webs\Content\speedr1\fullinde.htm --> dspace.dial.pipex.com /nl56 fullinde.htm
97.04.16 23:35 B D:\FrontPage Webs\Content\speedr1\arg97rr.htm --> dspace.dial.pipex.com /nl56 arg97rr.htm
97.04.16 23:35 B D:\FrontPage Webs\Content\speedr1\bra97rp.htm --> dspace.dial.pipex.com /nl56 bra97rp.htm
97.04.16 23:35 B D:\FrontPage Webs\Content\speedr1\f1ch1997.htm --> dspace.dial.pipex.com /nl56 f1ch1997.htm
97.04.16 23:35 B D:\FrontPage Webs\Content\speedr1\fullinde.htm --> dspace.dial.pipex.com /nl56 fullinde.htm
97.04.16 23:35 B D:\FrontPage Webs\Content\speedr1\jvms9701.jpg --> dspace.dial.pipex.com /nl56 jvms9701.jpg
97.04.16 23:35 B D:\FrontPage Webs\Content\speedr1\opbr9701.jpg --> dspace.dial.pipex.com /nl56 opbr9701.jpg
97.05.05 01:18 B D:\FrontPage Webs\Content\speedr1\headlnes.htm --> ftp.at-speed.co.uk f:\HTMLDOCS\at-speed\htdocs\smn headlnes.htm
97.05.05 01:18 B D:\FrontPage Webs\Content\speedr1\im97dhsn.jpg --> ftp.at-speed.co.uk f:\HTMLDOCS\at-speed\htdocs\smn im97dhsn.jpg
97.05.05 01:18 B D:\FrontPage Webs\Content\speedr1\im97hhf.jpg --> ftp.at-speed.co.uk f:\HTMLDOCS\at-speed\htdocs\smn im97hhf.jpg
97.05.05 01:18 B D:\FrontPage Webs\Content\speedr1\imo97rr.htm --> ftp.at-speed.co.uk f:\HTMLDOCS\at-speed\htdocs\smn imo97rr.htm
97.05.05 01:19 B D:\FrontPage Webs\Content\speedr1\lightbk.gif --> ftp.at-speed.co.uk f:\HTMLDOCS\at-speed\htdocs\smn lightbk.gif
97.05.05 21:54 B D:\FrontPage Webs\Content\speedr1\headlnes.htm --> ftp.at-speed.co.uk f:\HTMLDOCS\at-speed\htdocs\smn headlnes.htm
97.05.05 22:06 B D:\FrontPage Webs\Content\speedr1\headlnes.htm --> ftp.at-speed.co.uk f:\HTMLDOCS\at-speed\htdocs headlnes.htm
97.05.05 22:07 B D:\FrontPage Webs\Content\speedr1\headlnes.htm --> ftp.at-speed.co.uk f:\HTMLDOCS\at-speed\htdocs\smn headlnes.htm
97.05.06 22:38 B D:\FrontPage Webs\Content\speedr1\f1ch1997.htm --> ftp.at-speed.co.uk f:\HTMLDOCS\at-speed\htdocs\smn f1ch1997.htm
97.05.06 22:39 B D:\FrontPage Webs\Content\speedr1\monaco-circuit-details-1997.htm --> ftp.at-speed.co.uk f:\HTMLDOCS\at-speed\htdocs\smn monaco-circuit-details-1997.htm
97.05.06 22:40 B D:\FrontPage Webs\Content\speedr1\monaco-1997-race-preview.htm --> ftp.at-speed.co.uk f:\HTMLDOCS\at-speed\htdocs\smn monaco-1997-race-preview.htm
97.05.06 22:41 B D:\FrontPage Webs\Content\speedr1\mo96dh01.jpg --> ftp.at-speed.co.uk f:\HTMLDOCS\at-speed\htdocs\smn mo96dh01.jpg
97.05.06 22:42 B D:\FrontPage Webs\Content\speedr1\mon97.gif --> ftp.at-speed.co.uk f:\HTMLDOCS\at-speed\htdocs\smn mon97.gif
97.05.19 23:40 B D:\FrontPage Webs\Content\speedr1\f1ct.htm --> ftp.at-speed.co.uk f:\HTMLDOCS\at-speed\htdocs\smn f1ct.htm
97.05.19 23:40 B D:\FrontPage Webs\Content\speedr1\f1news19may1997.htm --> ftp.at-speed.co.uk f:\HTMLDOCS\at-speed\htdocs\smn f1news19may1997.htm
97.05.19 23:40 B D:\FrontPage Webs\Content\speedr1\fullinde.htm --> ftp.at-speed.co.uk f:\HTMLDOCS\at-speed\htdocs\smn fullinde.htm
97.06.13 23:10 B D:\FrontPage Webs\Content\speedr1\Can97.gif --> ftp.at-speed.co.uk f:\HTMLDOCS\at-speed\htdocs\smn Can97.gif
97.06.13 23:11 B D:\FrontPage Webs\Content\speedr1\canadacircuit1997.htm --> ftp.at-speed.co.uk f:\HTMLDOCS\at-speed\htdocs\smn canadacircuit1997.htm
97.06.13 23:11 B D:\FrontPage Webs\Content\speedr1\canadianGP1997racepreview.htm --> ftp.at-speed.co.uk f:\HTMLDOCS\at-speed\htdocs\smn canadianGP1997racepreview.htm
97.06.13 23:11 B D:\FrontPage Webs\Content\speedr1\f1ch1997.htm --> ftp.at-speed.co.uk f:\HTMLDOCS\at-speed\htdocs\smn f1ch1997.htm
97.06.13 23:23 B D:\FrontPage Webs\Content\speedr1\D:\FrontPage Webs\Content\speedr1\canadianGP1997racepreview.htm --> ftp.at-speed.co.uk f:\HTMLDOCS\at-speed\htdocs canadianGP1997racepreview.htm
97.06.13 23:23 B D:\FrontPage Webs\Content\speedr1\D:\FrontPage Webs\Content\speedr1\f1ch1997.htm --> ftp.at-speed.co.uk f:\HTMLDOCS\at-speed\htdocs f1ch1997.htm
97.06.13 23:23 B D:\FrontPage Webs\Content\speedr1\D:\FrontPage Webs\Content\speedr1\fullinde.htm --> ftp.at-speed.co.uk f:\HTMLDOCS\at-speed\htdocs fullinde.htm
97.06.13 23:23 B D:\FrontPage Webs\Content\speedr1\D:\FrontPage Webs\Content\speedr1\canadacircuit1997.htm --> ftp.at-speed.co.uk f:\HTMLDOCS\at-speed\htdocs canadacircuit1997.htm
97.06.13 23:23 B D:\FrontPage Webs\Content\speedr1\D:\FrontPage Webs\Content\speedr1\Can97.gif --> ftp.at-speed.co.uk f:\HTMLDOCS\at-speed\htdocs Can97.gif
97.07.11 00:00 B D:\FrontPage Webs\Content\speedr1\fullinde.htm --> ftp.at-speed.co.uk f:\HTMLDOCS\at-speed\htdocs\smn fullinde.htm
97.07.11 00:01 B D:\FrontPage Webs\Content\speedr1\britishgp1997circuitdetails.htm --> ftp.at-speed.co.uk f:\HTMLDOCS\at-speed\htdocs\smn britishgp1997circuitdetails.htm
97.07.11 00:01 B D:\FrontPage Webs\Content\speedr1\britishgp1997raceprev.htm --> ftp.at-speed.co.uk f:\HTMLDOCS\at-speed\htdocs\smn britishgp1997raceprev.htm
97.07.11 00:01 B D:\FrontPage Webs\Content\speedr1\f1ch1997.htm --> ftp.at-speed.co.uk f:\HTMLDOCS\at-speed\htdocs\smn f1ch1997.htm
97.07.11 00:02 B D:\FrontPage Webs\Content\speedr1\gb97.gif --> ftp.at-speed.co.uk f:\HTMLDOCS\at-speed\htdocs\smn gb97.gif
97.07.11 00:02 B D:\FrontPage Webs\Content\speedr1\search.htm --> ftp.at-speed.co.uk f:\HTMLDOCS\at-speed\htdocs\smn search.htm
97.07.11 00:07 B D:\FrontPage Webs\Content\speedr1\headlnes.htm --> ftp.at-speed.co.uk f:\HTMLDOCS\at-speed\htdocs\smn headlnes.htm
97.07.11 00:16 B D:\FrontPage Webs\Content\speedr1\f1ch1997.htm --> ftp.at-speed.co.uk f:\HTMLDOCS\at-speed\htdocs\smn f1ch1997.htm
97.07.26 00:24 B D:\FrontPage Webs\Content\speedr1\germangp1997preview.htm --> ftp.at-speed.co.uk f:\HTMLDOCS\at-speed\htdocs\smn germangp1997preview.htm
97.07.26 00:25 B D:\FrontPage Webs\Content\speedr1\Interview-Ralf-Schumacher-071997.htm --> ftp.at-speed.co.uk f:\HTMLDOCS\at-speed\htdocs\smn Interview-Ralf-Schumacher-071997.htm
97.07.26 00:27 B D:\FrontPage Webs\Content\speedr1\f1ct.htm --> ftp.at-speed.co.uk f:\HTMLDOCS\at-speed\htdocs\smn f1ct.htm
97.07.30 23:17 B D:\FrontPage Webs\Content\speedr1\germangp1997racereport.htm --> ftp.at-speed.co.uk f:\HTMLDOCS\at-speed\htdocs\smn germangp1997racereport.htm
97.07.30 23:17 B D:\FrontPage Webs\Content\speedr1\f1ch1997.htm --> ftp.at-speed.co.uk f:\HTMLDOCS\at-speed\htdocs\smn f1ch1997.htm
97.08.22 00:51 B D:\FrontPage Webs\Content\speedr1\belgiangp1997preview.htm --> ftp.at-speed.co.uk f:\HTMLDOCS\at-speed\htdocs\smn belgiangp1997preview.htm
97.08.22 00:51 B D:\FrontPage Webs\Content\speedr1\f1ch1997.htm --> ftp.at-speed.co.uk f:\HTMLDOCS\at-speed\htdocs\smn f1ch1997.htm
97.08.22 00:51 B D:\FrontPage Webs\Content\speedr1\f1ct.htm --> ftp.at-speed.co.uk f:\HTMLDOCS\at-speed\htdocs\smn f1ct.htm
97.08.24 10:33 B D:\FrontPage Webs\Content\speedr1\belgiangp97qual.htm --> ftp.at-speed.co.uk f:\HTMLDOCS\at-speed\htdocs\smn belgiangp97qual.htm
97.08.24 10:33 B D:\FrontPage Webs\Content\speedr1\f1ch1997.htm --> ftp.at-speed.co.uk f:\HTMLDOCS\at-speed\htdocs\smn f1ch1997.htm
97.08.28 01:01 B D:\FrontPage Webs\Content\speedr1\belgiangp1997race.htm --> ftp.at-speed.co.uk f:\HTMLDOCS\at-speed\htdocs\smn belgiangp1997race.htm
97.08.28 01:01 B D:\FrontPage Webs\Content\speedr1\f1ch1997.htm --> ftp.at-speed.co.uk f:\HTMLDOCS\at-speed\htdocs\smn f1ch1997.htm
97.08.31 01:43 B d:\frontpage webs\content\speedr1\f1ch1997.htm --> ftp.at-speed.co.uk f:\HTMLDOCS\at-speed\htdocs\smn f1ch1997.htm
97.09.21 00:59 B D:\FrontPage Webs\Content\speedr1\austriangp1997qual.htm --> ftp.at-speed.co.uk f:\HTMLDOCS\at-speed\htdocs\smn austriangp1997qual.htm
97.09.21 01:00 B D:\FrontPage Webs\Content\speedr1\f1ch1997.htm --> ftp.at-speed.co.uk f:\HTMLDOCS\at-speed\htdocs\smn f1ch1997.htm
97.09.28 21:24 B D:\FrontPage Webs\Content\speedr1\austriangp1997race.htm --> ftp.at-speed.co.uk f:\HTMLDOCS\at-speed\htdocs\smn austriangp1997race.htm
97.09.28 21:25 B D:\FrontPage Webs\Content\speedr1\f1ch1997.htm --> ftp.at-speed.co.uk f:\HTMLDOCS\at-speed\htdocs\smn f1ch1997.htm
97.09.28 21:25 B D:\FrontPage Webs\Content\speedr1\italiangp1997preview.htm --> ftp.at-speed.co.uk f:\HTMLDOCS\at-speed\htdocs\smn italiangp1997preview.htm
97.09.28 21:26 B D:\FrontPage Webs\Content\speedr1\italiangp1997qual.htm --> ftp.at-speed.co.uk f:\HTMLDOCS\at-speed\htdocs\smn italiangp1997qual.htm
97.09.28 21:27 B D:\FrontPage Webs\Content\speedr1\italiangp1997race.htm --> ftp.at-speed.co.uk f:\HTMLDOCS\at-speed\htdocs\smn italiangp1997race.htm
97.09.28 21:27 B D:\FrontPage Webs\Content\speedr1\luxembourggp97prev.htm --> ftp.at-speed.co.uk f:\HTMLDOCS\at-speed\htdocs\smn luxembourggp97prev.htm
97.10.05 23:36 B D:\FrontPage Webs\Content\speedr1\f1ch1997.htm --> ftp.at-speed.co.uk f:\HTMLDOCS\at-speed\htdocs\smn f1ch1997.htm
97.10.05 23:36 B D:\FrontPage Webs\Content\speedr1\luxembourg97race.htm --> ftp.at-speed.co.uk f:\HTMLDOCS\at-speed\htdocs\smn luxembourg97race.htm
97.10.12 22:47 B D:\FrontPage Webs\Content\speedr1\f1ch1997.htm --> ftp.at-speed.co.uk f:\HTMLDOCS\at-speed\htdocs\smn f1ch1997.htm
97.10.12 22:47 B D:\FrontPage Webs\Content\speedr1\japanesegp1997preview.htm --> ftp.at-speed.co.uk f:\HTMLDOCS\at-speed\htdocs\smn japanesegp1997preview.htm
97.10.12 22:47 B D:\FrontPage Webs\Content\speedr1\japanesegp1997qualifying.htm --> ftp.at-speed.co.uk f:\HTMLDOCS\at-speed\htdocs\smn japanesegp1997qualifying.htm
97.10.12 22:47 B D:\FrontPage Webs\Content\speedr1\japanesegp1997race.htm --> ftp.at-speed.co.uk f:\HTMLDOCS\at-speed\htdocs\smn japanesegp1997race.htm
97.10.26 16:31 B D:\FrontPage Webs\Content\speedr1\europeangppreview97.htm --> ftp.at-speed.co.uk f:\HTMLDOCS\at-speed\htdocs\smn europeangppreview97.htm
97.10.26 16:32 B D:\FrontPage Webs\Content\speedr1\europeanqual97.htm --> ftp.at-speed.co.uk f:\HTMLDOCS\at-speed\htdocs\smn europeanqual97.htm
97.10.26 16:32 B D:\FrontPage Webs\Content\speedr1\f1ch1997.htm --> ftp.at-speed.co.uk f:\HTMLDOCS\at-speed\htdocs\smn f1ch1997.htm
97.11.02 22:01 B D:\FrontPage Webs\Content\speedr1\D:\FrontPage Webs\Content\speedr1\fullinde.htm --> ftp.at-speed.co.uk f:\HTMLDOCS\at-speed\htdocs\smn fullinde.htm
97.11.02 22:01 B D:\FrontPage Webs\Content\speedr1\D:\FrontPage Webs\Content\speedr1\europeangp1997race.htm --> ftp.at-speed.co.uk f:\HTMLDOCS\at-speed\htdocs\smn europeangp1997race.htm
97.11.02 22:01 B D:\FrontPage Webs\Content\speedr1\D:\FrontPage Webs\Content\speedr1\f1ct.htm --> ftp.at-speed.co.uk f:\HTMLDOCS\at-speed\htdocs\smn f1ct.htm
97.11.02 22:02 B D:\FrontPage Webs\Content\speedr1\D:\FrontPage Webs\Content\speedr1\jveur97.jpg --> ftp.at-speed.co.uk f:\HTMLDOCS\at-speed\htdocs\smn jveur97.jpg
97.11.02 22:02 B D:\FrontPage Webs\Content\speedr1\D:\FrontPage Webs\Content\speedr1\jv97chmp.jpg --> ftp.at-speed.co.uk f:\HTMLDOCS\at-speed\htdocs\smn jv97chmp.jpg
97.11.02 22:03 B D:\FrontPage Webs\Content\speedr1\D:\FrontPage Webs\Content\speedr1\cjerez.gif --> ftp.at-speed.co.uk f:\HTMLDOCS\at-speed\htdocs\smn cjerez.gif
97.11.02 22:03 B D:\FrontPage Webs\Content\speedr1\f1ch1997.htm --> ftp.at-speed.co.uk f:\HTMLDOCS\at-speed\htdocs\smn f1ch1997.htm
98.01.02 12:26 B D:\FrontPage Webs\Content\speedr1\D:\FrontPage Webs\Content\speedr1\The 1997 F1 REVIEW.htm --> ftp.at-speed.co.uk f:\HTMLDOCS\at-speed\htdocs\smn The 1997 F1 REVIEW.htm
98.01.02 12:26 B D:\FrontPage Webs\Content\speedr1\D:\FrontPage Webs\Content\speedr1\index.htm --> ftp.at-speed.co.uk f:\HTMLDOCS\at-speed\htdocs\smn index.htm
98.01.02 12:27 B D:\FrontPage Webs\Content\speedr1\D:\FrontPage Webs\Content\speedr1\f1ct.htm --> ftp.at-speed.co.uk f:\HTMLDOCS\at-speed\htdocs\smn f1ct.htm
98.01.02 12:27 B D:\FrontPage Webs\Content\speedr1\D:\FrontPage Webs\Content\speedr1\rev97tyrrell.JPG --> ftp.at-speed.co.uk f:\HTMLDOCS\at-speed\htdocs\smn rev97tyrrell.JPG
98.01.02 12:27 B D:\FrontPage Webs\Content\speedr1\D:\FrontPage Webs\Content\speedr1\rev97jvatspain.JPG --> ftp.at-speed.co.uk f:\HTMLDOCS\at-speed\htdocs\smn rev97jvatspain.JPG
98.01.02 12:27 B D:\FrontPage Webs\Content\speedr1\D:\FrontPage Webs\Content\speedr1\rev97wurzbennt.JPG --> ftp.at-speed.co.uk f:\HTMLDOCS\at-speed\htdocs\smn rev97wurzbennt.JPG
98.01.02 12:27 B D:\FrontPage Webs\Content\speedr1\D:\FrontPage Webs\Content\speedr1\rev97goodyear.JPG --> ftp.at-speed.co.uk f:\HTMLDOCS\at-speed\htdocs\smn rev97goodyear.JPG
98.01.02 12:27 B D:\FrontPage Webs\Content\speedr1\D:\FrontPage Webs\Content\speedr1\rev97schueyferr.JPG --> ftp.at-speed.co.uk f:\HTMLDOCS\at-speed\htdocs\smn rev97schueyferr.JPG
98.01.02 12:27 B D:\FrontPage Webs\Content\speedr1\D:\FrontPage Webs\Content\speedr1\rev97frentzen.JPG --> ftp.at-speed.co.uk f:\HTMLDOCS\at-speed\htdocs\smn rev97frentzen.JPG
98.01.02 12:27 B D:\FrontPage Webs\Content\speedr1\D:\FrontPage Webs\Content\speedr1\rev97jvwilliams.JPG --> ftp.at-speed.co.uk f:\HTMLDOCS\at-speed\htdocs\smn rev97jvwilliams.JPG
98.01.02 12:27 B D:\FrontPage Webs\Content\speedr1\D:\FrontPage Webs\Content\speedr1\rev97alesibent.JPG --> ftp.at-speed.co.uk f:\HTMLDOCS\at-speed\htdocs\smn rev97alesibent.JPG
98.01.02 12:28 B D:\FrontPage Webs\Content\speedr1\D:\FrontPage Webs\Content\speedr1\rev97jvcelebrates.JPG --> ftp.at-speed.co.uk f:\HTMLDOCS\at-speed\htdocs\smn rev97jvcelebrates.JPG
98.01.02 12:35 B D:\FrontPage Webs\Content\speedr1\D:\FrontPage Webs\Content\speedr1\index.htm --> ftp.at-speed.co.uk f:\HTMLDOCS\at-speed\htdocs\smn index.htm
98.01.02 12:35 B D:\FrontPage Webs\Content\speedr1\D:\FrontPage Webs\Content\speedr1\index.htm --> ftp.at-speed.co.uk f:\HTMLDOCS\at-speed\htdocs\smn index.htm
98.01.02 12:41 B D:\FrontPage Webs\Content\speedr1\D:\FrontPage Webs\Content\speedr1\f1ct.htm --> ftp.at-speed.co.uk f:\HTMLDOCS\at-speed\htdocs\smn f1ct.htm
98.01.02 12:44 B D:\FrontPage Webs\Content\speedr1\D:\FrontPage Webs\Content\speedr1\f1ch1997.htm --> ftp.at-speed.co.uk f:\HTMLDOCS\at-speed\htdocs\smn f1ch1997.htm
98.01.02 12:45 B D:\FrontPage Webs\Content\speedr1\D:\FrontPage Webs\Content\speedr1\f1ch1997.htm --> ftp.at-speed.co.uk f:\HTMLDOCS\at-speed\htdocs\smn f1ch1997.htm
